Start testing: Sep 14 21:39 -03
----------------------------------------------------------
1/5 Testing: parser
1/5 Test: parser
Command: "/home/welldias/src/cl-lib/cl-lib/build/tests/cl_tests" "parser"
Directory: /home/welldias/src/cl-lib/cl-lib/build/tests
"parser" start time: Sep 14 21:39 -03
Output:
----------------------------------------------------------
ok (group=parser)
<end of output>
Test time =   0.00 sec
----------------------------------------------------------
Test Passed.
"parser" end time: Sep 14 21:39 -03
"parser" time elapsed: 00:00:00
----------------------------------------------------------

2/5 Testing: eval
2/5 Test: eval
Command: "/home/welldias/src/cl-lib/cl-lib/build/tests/cl_tests" "eval"
Directory: /home/welldias/src/cl-lib/cl-lib/build/tests
"eval" start time: Sep 14 21:39 -03
Output:
----------------------------------------------------------
ok (group=eval)
<end of output>
Test time =   0.00 sec
----------------------------------------------------------
Test Passed.
"eval" end time: Sep 14 21:39 -03
"eval" time elapsed: 00:00:00
----------------------------------------------------------

3/5 Testing: navigate
3/5 Test: navigate
Command: "/home/welldias/src/cl-lib/cl-lib/build/tests/cl_tests" "navigate"
Directory: /home/welldias/src/cl-lib/cl-lib/build/tests
"navigate" start time: Sep 14 21:39 -03
Output:
----------------------------------------------------------
ok (group=navigate)
<end of output>
Test time =   0.00 sec
----------------------------------------------------------
Test Passed.
"navigate" end time: Sep 14 21:39 -03
"navigate" time elapsed: 00:00:00
----------------------------------------------------------

4/5 Testing: writer
4/5 Test: writer
Command: "/home/welldias/src/cl-lib/cl-lib/build/tests/cl_tests" "writer"
Directory: /home/welldias/src/cl-lib/cl-lib/build/tests
"writer" start time: Sep 14 21:39 -03
Output:
----------------------------------------------------------
ok (group=writer)
<end of output>
Test time =   0.00 sec
----------------------------------------------------------
Test Passed.
"writer" end time: Sep 14 21:39 -03
"writer" time elapsed: 00:00:00
----------------------------------------------------------

5/5 Testing: fixtures
5/5 Test: fixtures
Command: "/home/welldias/src/cl-lib/cl-lib/build/tests/cl_tests" "fixtures"
Directory: /home/welldias/src/cl-lib/cl-lib/build/tests
"fixtures" start time: Sep 14 21:39 -03
Output:
----------------------------------------------------------
ok (group=fixtures)
<end of output>
Test time =   0.00 sec
----------------------------------------------------------
Test Passed.
"fixtures" end time: Sep 14 21:39 -03
"fixtures" time elapsed: 00:00:00
----------------------------------------------------------

End testing: Sep 14 21:39 -03
